<?xml version="1.0" encoding="UTF-8"?>
<testng-results ignored="0" total="15" passed="12" failed="3" skipped="0">
  <reporter-output>
  </reporter-output>
  <suite started-at="2023-10-04T22:04:39 IST" name="Suite" finished-at="2023-10-04T22:26:00 IST" duration-ms="1280948">
    <groups>
    </groups>
    <test started-at="2023-10-04T22:04:39 IST" name="Test" finished-at="2023-10-04T22:26:00 IST" duration-ms="1280948">
      <class name="PageRunner.AccountCreationRunner">
        <test-method signature="clickAccountCreation()[pri:0, instance:PageRunner.AccountCreationRunner@74d1dc36]" started-at="2023-10-04T22:05:29 IST" name="clickAccountCreation" finished-at="2023-10-04T22:05:29 IST" duration-ms="625" status="PASS">
          <reporter-output>
          </reporter-output>
        </test-method> <!-- clickAccountCreation -->
        <test-method is-config="true" signature="screenShot(org.testng.ITestResult)[pri:0, instance:PageRunner.AccountCreationRunner@74d1dc36]" started-at="2023-10-04T22:05:29 IST" name="screenShot" finished-at="2023-10-04T22:05:29 IST" duration-ms="11" status="PASS">
          <params>
            <param index="0">
              <value>
                <![CDATA[[TestResult name=clickAccountCreation status=SUCCESS method=AccountCreationRunner.clickAccountCreation()[pri:0, instance:PageRunner.AccountCreationRunner@74d1dc36] output={null}]]]>
              </value>
            </param>
          </params>
          <reporter-output>
          </reporter-output>
        </test-method> <!-- screenShot -->
        <test-method signature="validateAccountPopup()[pri:0, instance:PageRunner.AccountCreationRunner@74d1dc36]" started-at="2023-10-04T22:05:29 IST" name="validateAccountPopup" finished-at="2023-10-04T22:05:34 IST" duration-ms="5185" status="PASS">
          <reporter-output>
          </reporter-output>
        </test-method> <!-- validateAccountPopup -->
        <test-method is-config="true" signature="screenShot(org.testng.ITestResult)[pri:0, instance:PageRunner.AccountCreationRunner@74d1dc36]" started-at="2023-10-04T22:05:34 IST" name="screenShot" finished-at="2023-10-04T22:05:34 IST" duration-ms="1" status="PASS">
          <params>
            <param index="0">
              <value>
                <![CDATA[[TestResult name=validateAccountPopup status=SUCCESS method=AccountCreationRunner.validateAccountPopup()[pri:0, instance:PageRunner.AccountCreationRunner@74d1dc36] output={null}]]]>
              </value>
            </param>
          </params>
          <reporter-output>
          </reporter-output>
        </test-method> <!-- screenShot -->
      </class> <!-- PageRunner.AccountCreationRunner -->
      <class name="PageRunner.LoginRunner">
        <test-method signature="loginPage()[pri:0, instance:PageRunner.LoginRunner@74e28667]" started-at="2023-10-04T22:07:26 IST" name="loginPage" finished-at="2023-10-04T22:07:49 IST" duration-ms="22705" status="PASS">
          <reporter-output>
          </reporter-output>
        </test-method> <!-- loginPage -->
        <test-method is-config="true" signature="screenShot(org.testng.ITestResult)[pri:0, instance:PageRunner.LoginRunner@74e28667]" started-at="2023-10-04T22:07:49 IST" name="screenShot" finished-at="2023-10-04T22:07:49 IST" duration-ms="1" status="PASS">
          <params>
            <param index="0">
              <value>
                <![CDATA[[TestResult name=loginPage status=SUCCESS method=LoginRunner.loginPage()[pri:0, instance:PageRunner.LoginRunner@74e28667] output={null}]]]>
              </value>
            </param>
          </params>
          <reporter-output>
          </reporter-output>
        </test-method> <!-- screenShot -->
        <test-method signature="validLoginDetails()[pri:0, instance:PageRunner.LoginRunner@74e28667]" started-at="2023-10-04T22:07:49 IST" name="validLoginDetails" finished-at="2023-10-04T22:25:17 IST" duration-ms="1048238" status="PASS">
          <reporter-output>
          </reporter-output>
        </test-method> <!-- validLoginDetails -->
        <test-method is-config="true" signature="screenShot(org.testng.ITestResult)[pri:0, instance:PageRunner.LoginRunner@74e28667]" started-at="2023-10-04T22:25:17 IST" name="screenShot" finished-at="2023-10-04T22:25:17 IST" duration-ms="1" status="PASS">
          <params>
            <param index="0">
              <value>
                <![CDATA[[TestResult name=validLoginDetails status=SUCCESS method=LoginRunner.validLoginDetails()[pri:0, instance:PageRunner.LoginRunner@74e28667] output={null}]]]>
              </value>
            </param>
          </params>
          <reporter-output>
          </reporter-output>
        </test-method> <!-- screenShot -->
      </class> <!-- PageRunner.LoginRunner -->
      <class name="PageRunner.SiteNavigationRunner">
        <test-method is-config="true" signature="setUp()[pri:0, instance:PageRunner.SiteNavigationRunner@3e27ba32]" started-at="2023-10-04T22:04:39 IST" name="setUp" finished-at="2023-10-04T22:04:44 IST" duration-ms="4997" status="PASS">
          <reporter-output>
          </reporter-output>
        </test-method> <!-- setUp -->
        <test-method is-config="true" signature="test()[pri:0, instance:PageRunner.SiteNavigationRunner@3e27ba32]" started-at="2023-10-04T22:04:44 IST" name="test" finished-at="2023-10-04T22:04:45 IST" depends-on-methods="DriverSetup.BrowserSetup.setUp" duration-ms="1464" status="PASS">
          <reporter-output>
          </reporter-output>
        </test-method> <!-- test -->
        <test-method signature="CheckCountry()[pri:1, instance:PageRunner.SiteNavigationRunner@3e27ba32]" started-at="2023-10-04T22:04:45 IST" name="CheckCountry" finished-at="2023-10-04T22:04:58 IST" duration-ms="12956" status="PASS">
          <reporter-output>
          </reporter-output>
        </test-method> <!-- CheckCountry -->
        <test-method is-config="true" signature="screenShot(org.testng.ITestResult)[pri:0, instance:PageRunner.SiteNavigationRunner@3e27ba32]" started-at="2023-10-04T22:04:58 IST" name="screenShot" finished-at="2023-10-04T22:04:58 IST" duration-ms="19" status="PASS">
          <params>
            <param index="0">
              <value>
                <![CDATA[[TestResult name=CheckCountry status=SUCCESS method=SiteNavigationRunner.CheckCountry()[pri:1, instance:PageRunner.SiteNavigationRunner@3e27ba32] output={null}]]]>
              </value>
            </param>
          </params>
          <reporter-output>
          </reporter-output>
        </test-method> <!-- screenShot -->
        <test-method signature="survey_window()[pri:1, instance:PageRunner.SiteNavigationRunner@3e27ba32]" started-at="2023-10-04T22:04:58 IST" name="survey_window" finished-at="2023-10-04T22:05:29 IST" duration-ms="30114" status="PASS">
          <reporter-output>
          </reporter-output>
        </test-method> <!-- survey_window -->
        <test-method is-config="true" signature="screenShot(org.testng.ITestResult)[pri:0, instance:PageRunner.SiteNavigationRunner@3e27ba32]" started-at="2023-10-04T22:05:29 IST" name="screenShot" finished-at="2023-10-04T22:05:29 IST" duration-ms="1" status="PASS">
          <params>
            <param index="0">
              <value>
                <![CDATA[[TestResult name=survey_window status=SUCCESS method=SiteNavigationRunner.survey_window()[pri:1, instance:PageRunner.SiteNavigationRunner@3e27ba32] output={null}]]]>
              </value>
            </param>
          </params>
          <reporter-output>
          </reporter-output>
        </test-method> <!-- screenShot -->
        <test-method is-config="true" signature="closeDriverObjects()[pri:0, instance:PageRunner.SiteNavigationRunner@3e27ba32]" started-at="2023-10-04T22:26:00 IST" name="closeDriverObjects" finished-at="2023-10-04T22:26:00 IST" duration-ms="0" status="PASS">
          <reporter-output>
          </reporter-output>
        </test-method> <!-- closeDriverObjects -->
      </class> <!-- PageRunner.SiteNavigationRunner -->
      <class name="PageRunner.SignupRunner">
        <test-method signature="SignUpValidation()[pri:1, instance:PageRunner.SignupRunner@7161d8d1]" started-at="2023-10-04T22:05:34 IST" name="SignUpValidation" finished-at="2023-10-04T22:05:37 IST" duration-ms="2663" status="PASS">
          <reporter-output>
          </reporter-output>
        </test-method> <!-- SignUpValidation -->
        <test-method is-config="true" signature="screenShot(org.testng.ITestResult)[pri:0, instance:PageRunner.SignupRunner@7161d8d1]" started-at="2023-10-04T22:05:37 IST" name="screenShot" finished-at="2023-10-04T22:05:37 IST" duration-ms="3" status="PASS">
          <params>
            <param index="0">
              <value>
                <![CDATA[[TestResult name=SignUpValidation status=SUCCESS method=SignupRunner.SignUpValidation()[pri:1, instance:PageRunner.SignupRunner@7161d8d1] output={null}]]]>
              </value>
            </param>
          </params>
          <reporter-output>
          </reporter-output>
        </test-method> <!-- screenShot -->
        <test-method signature="blankRegistration()[pri:2, instance:PageRunner.SignupRunner@7161d8d1]" started-at="2023-10-04T22:05:37 IST" name="blankRegistration" description="User press register button without inputting any data" finished-at="2023-10-04T22:05:38 IST" duration-ms="1049" status="PASS">
          <reporter-output>
          </reporter-output>
        </test-method> <!-- blankRegistration -->
        <test-method is-config="true" signature="screenShot(org.testng.ITestResult)[pri:0, instance:PageRunner.SignupRunner@7161d8d1]" started-at="2023-10-04T22:05:38 IST" name="screenShot" finished-at="2023-10-04T22:05:38 IST" duration-ms="5" status="PASS">
          <params>
            <param index="0">
              <value>
                <![CDATA[[TestResult name=blankRegistration status=SUCCESS method=SignupRunner.blankRegistration()[pri:2, instance:PageRunner.SignupRunner@7161d8d1] output={null}]]]>
              </value>
            </param>
          </params>
          <reporter-output>
          </reporter-output>
        </test-method> <!-- screenShot -->
        <test-method signature="invalidFirstName()[pri:3, instance:PageRunner.SignupRunner@7161d8d1]" started-at="2023-10-04T22:05:38 IST" name="invalidFirstName" description="Firstname cannot include any digit at last" finished-at="2023-10-04T22:05:45 IST" duration-ms="6379" status="PASS">
          <reporter-output>
          </reporter-output>
        </test-method> <!-- invalidFirstName -->
        <test-method is-config="true" signature="screenShot(org.testng.ITestResult)[pri:0, instance:PageRunner.SignupRunner@7161d8d1]" started-at="2023-10-04T22:05:45 IST" name="screenShot" finished-at="2023-10-04T22:05:45 IST" duration-ms="1" status="PASS">
          <params>
            <param index="0">
              <value>
                <![CDATA[[TestResult name=invalidFirstName status=SUCCESS method=SignupRunner.invalidFirstName()[pri:3, instance:PageRunner.SignupRunner@7161d8d1] output={null}]]]>
              </value>
            </param>
          </params>
          <reporter-output>
          </reporter-output>
        </test-method> <!-- screenShot -->
        <test-method signature="invalidLastName()[pri:4, instance:PageRunner.SignupRunner@7161d8d1]" started-at="2023-10-04T22:05:45 IST" name="invalidLastName" description="Lastname cannot include any digit at last" finished-at="2023-10-04T22:05:50 IST" duration-ms="5870" status="PASS">
          <reporter-output>
          </reporter-output>
        </test-method> <!-- invalidLastName -->
        <test-method is-config="true" signature="screenShot(org.testng.ITestResult)[pri:0, instance:PageRunner.SignupRunner@7161d8d1]" started-at="2023-10-04T22:05:50 IST" name="screenShot" finished-at="2023-10-04T22:05:50 IST" duration-ms="2" status="PASS">
          <params>
            <param index="0">
              <value>
                <![CDATA[[TestResult name=invalidLastName status=SUCCESS method=SignupRunner.invalidLastName()[pri:4, instance:PageRunner.SignupRunner@7161d8d1] output={null}]]]>
              </value>
            </param>
          </params>
          <reporter-output>
          </reporter-output>
        </test-method> <!-- screenShot -->
        <test-method signature="validEmailandRegisterForm()[pri:5, instance:PageRunner.SignupRunner@7161d8d1]" started-at="2023-10-04T22:05:50 IST" name="validEmailandRegisterForm" description="After giving valid email No  Error Message" finished-at="2023-10-04T22:05:56 IST" duration-ms="5206" status="PASS">
          <reporter-output>
          </reporter-output>
        </test-method> <!-- validEmailandRegisterForm -->
        <test-method is-config="true" signature="screenShot(org.testng.ITestResult)[pri:0, instance:PageRunner.SignupRunner@7161d8d1]" started-at="2023-10-04T22:05:56 IST" name="screenShot" finished-at="2023-10-04T22:05:56 IST" duration-ms="0" status="PASS">
          <params>
            <param index="0">
              <value>
                <![CDATA[[TestResult name=validEmailandRegisterForm status=SUCCESS method=SignupRunner.validEmailandRegisterForm()[pri:5, instance:PageRunner.SignupRunner@7161d8d1] output={null}]]]>
              </value>
            </param>
          </params>
          <reporter-output>
          </reporter-output>
        </test-method> <!-- screenShot -->
        <test-method signature="validFnamelNameEmailandRegisterForm()[pri:6, instance:PageRunner.SignupRunner@7161d8d1]" started-at="2023-10-04T22:05:56 IST" name="validFnamelNameEmailandRegisterForm" description="Valid FName,Lname and email No  Error Message" finished-at="2023-10-04T22:06:05 IST" duration-ms="9085" status="PASS">
          <reporter-output>
          </reporter-output>
        </test-method> <!-- validFnamelNameEmailandRegisterForm -->
        <test-method is-config="true" signature="screenShot(org.testng.ITestResult)[pri:0, instance:PageRunner.SignupRunner@7161d8d1]" started-at="2023-10-04T22:06:05 IST" name="screenShot" finished-at="2023-10-04T22:06:05 IST" duration-ms="0" status="PASS">
          <params>
            <param index="0">
              <value>
                <![CDATA[[TestResult name=validFnamelNameEmailandRegisterForm status=SUCCESS method=SignupRunner.validFnamelNameEmailandRegisterForm()[pri:6, instance:PageRunner.SignupRunner@7161d8d1] output={null}]]]>
              </value>
            </param>
          </params>
          <reporter-output>
          </reporter-output>
        </test-method> <!-- screenShot -->
        <test-method signature="ValidateAllFields()[pri:7, instance:PageRunner.SignupRunner@7161d8d1]" started-at="2023-10-04T22:06:05 IST" name="ValidateAllFields" description="No  Error Message all fieled are added" finished-at="2023-10-04T22:07:26 IST" duration-ms="81136" status="FAIL">
          <exception class="java.lang.AssertionError">
            <message>
              <![CDATA[null]]>
            </message>
            <full-stacktrace>
              <![CDATA[java.lang.AssertionError: null
at org.testng.Assert.fail(Assert.java:111)
at org.testng.Assert.fail(Assert.java:116)
at PageRunner.SignupRunner.ValidateAllFields(SignupRunner.java:116)
at java.base/jdk.internal.reflect.DirectMethodHandleAccessor.invoke(DirectMethodHandleAccessor.java:104)
at java.base/java.lang.reflect.Method.invoke(Method.java:577)
at org.testng.internal.invokers.MethodInvocationHelper.invokeMethod(MethodInvocationHelper.java:139)
at org.testng.internal.invokers.TestInvoker.invokeMethod(TestInvoker.java:664)
at org.testng.internal.invokers.TestInvoker.invokeTestMethod(TestInvoker.java:227)
at org.testng.internal.invokers.MethodRunner.runInSequence(MethodRunner.java:50)
at org.testng.internal.invokers.TestInvoker$MethodInvocationAgent.invoke(TestInvoker.java:957)
at org.testng.internal.invokers.TestInvoker.invokeTestMethods(TestInvoker.java:200)
at org.testng.internal.invokers.TestMethodWorker.invokeTestMethods(TestMethodWorker.java:148)
at org.testng.internal.invokers.TestMethodWorker.run(TestMethodWorker.java:128)
at java.base/java.util.ArrayList.forEach(ArrayList.java:1511)
at org.testng.TestRunner.privateRun(TestRunner.java:848)
at org.testng.TestRunner.run(TestRunner.java:621)
at org.testng.SuiteRunner.runTest(SuiteRunner.java:443)
at org.testng.SuiteRunner.runSequentially(SuiteRunner.java:437)
at org.testng.SuiteRunner.privateRun(SuiteRunner.java:397)
at org.testng.SuiteRunner.run(SuiteRunner.java:336)
at org.testng.SuiteRunnerWorker.runSuite(SuiteRunnerWorker.java:52)
at org.testng.SuiteRunnerWorker.run(SuiteRunnerWorker.java:95)
at org.testng.TestNG.runSuitesSequentially(TestNG.java:1280)
at org.testng.TestNG.runSuitesLocally(TestNG.java:1200)
at org.testng.TestNG.runSuites(TestNG.java:1114)
at org.testng.TestNG.run(TestNG.java:1082)
at org.testng.remote.AbstractRemoteTestNG.run(AbstractRemoteTestNG.java:115)
at org.testng.remote.RemoteTestNG.initAndRun(RemoteTestNG.java:251)
at org.testng.remote.RemoteTestNG.main(RemoteTestNG.java:77)
]]>
            </full-stacktrace>
          </exception> <!-- java.lang.AssertionError -->
          <reporter-output>
          </reporter-output>
        </test-method> <!-- ValidateAllFields -->
        <test-method is-config="true" signature="screenShot(org.testng.ITestResult)[pri:0, instance:PageRunner.SignupRunner@7161d8d1]" started-at="2023-10-04T22:07:26 IST" name="screenShot" finished-at="2023-10-04T22:07:26 IST" duration-ms="225" status="PASS">
          <params>
            <param index="0">
              <value>
                <![CDATA[[TestResult name=ValidateAllFields status=FAILURE method=SignupRunner.ValidateAllFields()[pri:7, instance:PageRunner.SignupRunner@7161d8d1] output={null}]]]>
              </value>
            </param>
          </params>
          <reporter-output>
          </reporter-output>
        </test-method> <!-- screenShot -->
      </class> <!-- PageRunner.SignupRunner -->
      <class name="PageRunner.PageSearchRunner">
        <test-method signature="SearchData()[pri:1, instance:PageRunner.PageSearchRunner@1cf6d1be]" started-at="2023-10-04T22:25:17 IST" name="SearchData" finished-at="2023-10-04T22:25:37 IST" duration-ms="20054" status="FAIL">
          <exception class="org.openqa.selenium.NoSuchElementException">
            <message>
              <![CDATA[no such element: Unable to locate element: {"method":"xpath","selector":"//input[@id='gh-search-input']"}
  (Session info: chrome=117.0.5938.132)
For documentation on this error, please visit: https://www.selenium.dev/documentation/webdriver/troubleshooting/errors#no-such-element-exception
Build info: version: '4.13.0', revision: 'ba948ece5b*'
System info: os.name: 'Windows 10', os.arch: 'amd64', os.version: '10.0', java.version: '18.0.2.1'
Driver info: org.openqa.selenium.chrome.ChromeDriver
Command: [9d4ba2b3d1b97c6f13b27e8ea061444d, findElement {using=xpath, value=//input[@id='gh-search-input']}]
Capabilities {acceptInsecureCerts: false, browserName: chrome, browserVersion: 117.0.5938.132, chrome: {chromedriverVersion: 117.0.5938.92 (67649b10b92b..., userDataDir: C:\Users\Dell\AppData\Local...}, fedcm:accounts: true, goog:chromeOptions: {debuggerAddress: localhost:60091}, networkConnectionEnabled: false, pageLoadStrategy: normal, platformName: windows, proxy: Proxy(), se:cdp: ws://localhost:60091/devtoo..., se:cdpVersion: 117.0.5938.132, setWindowRect: true, strictFileInteractability: false, timeouts: {implicit: 0, pageLoad: 300000, script: 30000}, unhandledPromptBehavior: dismiss and notify, webauthn:extension:credBlob: true, webauthn:extension:largeBlob: true, webauthn:extension:minPinLength: true, webauthn:extension:prf: true, webauthn:virtualAuthenticators: true}
Session ID: 9d4ba2b3d1b97c6f13b27e8ea061444d]]>
            </message>
            <full-stacktrace>
              <![CDATA[org.openqa.selenium.NoSuchElementException: no such element: Unable to locate element: {"method":"xpath","selector":"//input[@id='gh-search-input']"}
  (Session info: chrome=117.0.5938.132)
For documentation on this error, please visit: https://www.selenium.dev/documentation/webdriver/troubleshooting/errors#no-such-element-exception
Build info: version: '4.13.0', revision: 'ba948ece5b*'
System info: os.name: 'Windows 10', os.arch: 'amd64', os.version: '10.0', java.version: '18.0.2.1'
Driver info: org.openqa.selenium.chrome.ChromeDriver
Command: [9d4ba2b3d1b97c6f13b27e8ea061444d, findElement {using=xpath, value=//input[@id='gh-search-input']}]
Capabilities {acceptInsecureCerts: false, browserName: chrome, browserVersion: 117.0.5938.132, chrome: {chromedriverVersion: 117.0.5938.92 (67649b10b92b..., userDataDir: C:\Users\Dell\AppData\Local...}, fedcm:accounts: true, goog:chromeOptions: {debuggerAddress: localhost:60091}, networkConnectionEnabled: false, pageLoadStrategy: normal, platformName: windows, proxy: Proxy(), se:cdp: ws://localhost:60091/devtoo..., se:cdpVersion: 117.0.5938.132, setWindowRect: true, strictFileInteractability: false, timeouts: {implicit: 0, pageLoad: 300000, script: 30000}, unhandledPromptBehavior: dismiss and notify, webauthn:extension:credBlob: true, webauthn:extension:largeBlob: true, webauthn:extension:minPinLength: true, webauthn:extension:prf: true, webauthn:virtualAuthenticators: true}
Session ID: 9d4ba2b3d1b97c6f13b27e8ea061444d
at java.base/jdk.internal.reflect.DirectConstructorHandleAccessor.newInstance(DirectConstructorHandleAccessor.java:67)
at java.base/java.lang.reflect.Constructor.newInstanceWithCaller(Constructor.java:499)
at java.base/java.lang.reflect.Constructor.newInstance(Constructor.java:483)
at org.openqa.selenium.remote.codec.w3c.W3CHttpResponseCodec.createException(W3CHttpResponseCodec.java:200)
at org.openqa.selenium.remote.codec.w3c.W3CHttpResponseCodec.decode(W3CHttpResponseCodec.java:133)
at org.openqa.selenium.remote.codec.w3c.W3CHttpResponseCodec.decode(W3CHttpResponseCodec.java:52)
at org.openqa.selenium.remote.HttpCommandExecutor.execute(HttpCommandExecutor.java:191)
at org.openqa.selenium.remote.service.DriverCommandExecutor.invokeExecute(DriverCommandExecutor.java:196)
at org.openqa.selenium.remote.service.DriverCommandExecutor.execute(DriverCommandExecutor.java:171)
at org.openqa.selenium.remote.RemoteWebDriver.execute(RemoteWebDriver.java:602)
at org.openqa.selenium.remote.ElementLocation$ElementFinder$2.findElement(ElementLocation.java:165)
at org.openqa.selenium.remote.ElementLocation.findElement(ElementLocation.java:59)
at org.openqa.selenium.remote.RemoteWebDriver.findElement(RemoteWebDriver.java:359)
at org.openqa.selenium.remote.RemoteWebDriver.findElement(RemoteWebDriver.java:353)
at org.openqa.selenium.support.pagefactory.DefaultElementLocator.findElement(DefaultElementLocator.java:68)
at org.openqa.selenium.support.pagefactory.internal.LocatingElementHandler.invoke(LocatingElementHandler.java:38)
at jdk.proxy2/jdk.proxy2.$Proxy17.isDisplayed(Unknown Source)
at Pages.PageSearch.SearchBox(PageSearch.java:41)
at PageRunner.PageSearchRunner.SearchData(PageSearchRunner.java:17)
at java.base/jdk.internal.reflect.DirectMethodHandleAccessor.invoke(DirectMethodHandleAccessor.java:104)
at java.base/java.lang.reflect.Method.invoke(Method.java:577)
at org.testng.internal.invokers.MethodInvocationHelper.invokeMethod(MethodInvocationHelper.java:139)
at org.testng.internal.invokers.TestInvoker.invokeMethod(TestInvoker.java:664)
at org.testng.internal.invokers.TestInvoker.invokeTestMethod(TestInvoker.java:227)
at org.testng.internal.invokers.MethodRunner.runInSequence(MethodRunner.java:50)
at org.testng.internal.invokers.TestInvoker$MethodInvocationAgent.invoke(TestInvoker.java:957)
at org.testng.internal.invokers.TestInvoker.invokeTestMethods(TestInvoker.java:200)
at org.testng.internal.invokers.TestMethodWorker.invokeTestMethods(TestMethodWorker.java:148)
at org.testng.internal.invokers.TestMethodWorker.run(TestMethodWorker.java:128)
at java.base/java.util.ArrayList.forEach(ArrayList.java:1511)
at org.testng.TestRunner.privateRun(TestRunner.java:848)
at org.testng.TestRunner.run(TestRunner.java:621)
at org.testng.SuiteRunner.runTest(SuiteRunner.java:443)
at org.testng.SuiteRunner.runSequentially(SuiteRunner.java:437)
at org.testng.SuiteRunner.privateRun(SuiteRunner.java:397)
at org.testng.SuiteRunner.run(SuiteRunner.java:336)
at org.testng.SuiteRunnerWorker.runSuite(SuiteRunnerWorker.java:52)
at org.testng.SuiteRunnerWorker.run(SuiteRunnerWorker.java:95)
at org.testng.TestNG.runSuitesSequentially(TestNG.java:1280)
at org.testng.TestNG.runSuitesLocally(TestNG.java:1200)
at org.testng.TestNG.runSuites(TestNG.java:1114)
at org.testng.TestNG.run(TestNG.java:1082)
at org.testng.remote.AbstractRemoteTestNG.run(AbstractRemoteTestNG.java:115)
at org.testng.remote.RemoteTestNG.initAndRun(RemoteTestNG.java:251)
at org.testng.remote.RemoteTestNG.main(RemoteTestNG.java:77)
]]>
            </full-stacktrace>
          </exception> <!-- org.openqa.selenium.NoSuchElementException -->
          <reporter-output>
          </reporter-output>
        </test-method> <!-- SearchData -->
        <test-method is-config="true" signature="screenShot(org.testng.ITestResult)[pri:0, instance:PageRunner.PageSearchRunner@1cf6d1be]" started-at="2023-10-04T22:25:37 IST" name="screenShot" finished-at="2023-10-04T22:25:37 IST" duration-ms="232" status="PASS">
          <params>
            <param index="0">
              <value>
                <![CDATA[[TestResult name=SearchData status=FAILURE method=PageSearchRunner.SearchData()[pri:1, instance:PageRunner.PageSearchRunner@1cf6d1be] output={null}]]]>
              </value>
            </param>
          </params>
          <reporter-output>
          </reporter-output>
        </test-method> <!-- screenShot -->
        <test-method signature="AddToCart()[pri:2, instance:PageRunner.PageSearchRunner@1cf6d1be]" started-at="2023-10-04T22:25:37 IST" name="AddToCart" finished-at="2023-10-04T22:26:00 IST" duration-ms="22160" status="FAIL">
          <exception class="org.openqa.selenium.NoSuchElementException">
            <message>
              <![CDATA[no such element: Unable to locate element: {"method":"xpath","selector":"//div[contains(@class,'fulfillment-add-to-cart-button')]//div//div//button[contains(@type,'button')][normalize-space()='Add to Cart'][@data-sku-id='6539910']"}
  (Session info: chrome=117.0.5938.132)
For documentation on this error, please visit: https://www.selenium.dev/documentation/webdriver/troubleshooting/errors#no-such-element-exception
Build info: version: '4.13.0', revision: 'ba948ece5b*'
System info: os.name: 'Windows 10', os.arch: 'amd64', os.version: '10.0', java.version: '18.0.2.1'
Driver info: org.openqa.selenium.chrome.ChromeDriver
Command: [9d4ba2b3d1b97c6f13b27e8ea061444d, findElement {using=xpath, value=//div[contains(@class,'fulfillment-add-to-cart-button')]//div//div//button[contains(@type,'button')][normalize-space()='Add to Cart'][@data-sku-id='6539910']}]
Capabilities {acceptInsecureCerts: false, browserName: chrome, browserVersion: 117.0.5938.132, chrome: {chromedriverVersion: 117.0.5938.92 (67649b10b92b..., userDataDir: C:\Users\Dell\AppData\Local...}, fedcm:accounts: true, goog:chromeOptions: {debuggerAddress: localhost:60091}, networkConnectionEnabled: false, pageLoadStrategy: normal, platformName: windows, proxy: Proxy(), se:cdp: ws://localhost:60091/devtoo..., se:cdpVersion: 117.0.5938.132, setWindowRect: true, strictFileInteractability: false, timeouts: {implicit: 0, pageLoad: 300000, script: 30000}, unhandledPromptBehavior: dismiss and notify, webauthn:extension:credBlob: true, webauthn:extension:largeBlob: true, webauthn:extension:minPinLength: true, webauthn:extension:prf: true, webauthn:virtualAuthenticators: true}
Session ID: 9d4ba2b3d1b97c6f13b27e8ea061444d]]>
            </message>
            <full-stacktrace>
              <![CDATA[org.openqa.selenium.NoSuchElementException: no such element: Unable to locate element: {"method":"xpath","selector":"//div[contains(@class,'fulfillment-add-to-cart-button')]//div//div//button[contains(@type,'button')][normalize-space()='Add to Cart'][@data-sku-id='6539910']"}
  (Session info: chrome=117.0.5938.132)
For documentation on this error, please visit: https://www.selenium.dev/documentation/webdriver/troubleshooting/errors#no-such-element-exception
Build info: version: '4.13.0', revision: 'ba948ece5b*'
System info: os.name: 'Windows 10', os.arch: 'amd64', os.version: '10.0', java.version: '18.0.2.1'
Driver info: org.openqa.selenium.chrome.ChromeDriver
Command: [9d4ba2b3d1b97c6f13b27e8ea061444d, findElement {using=xpath, value=//div[contains(@class,'fulfillment-add-to-cart-button')]//div//div//button[contains(@type,'button')][normalize-space()='Add to Cart'][@data-sku-id='6539910']}]
Capabilities {acceptInsecureCerts: false, browserName: chrome, browserVersion: 117.0.5938.132, chrome: {chromedriverVersion: 117.0.5938.92 (67649b10b92b..., userDataDir: C:\Users\Dell\AppData\Local...}, fedcm:accounts: true, goog:chromeOptions: {debuggerAddress: localhost:60091}, networkConnectionEnabled: false, pageLoadStrategy: normal, platformName: windows, proxy: Proxy(), se:cdp: ws://localhost:60091/devtoo..., se:cdpVersion: 117.0.5938.132, setWindowRect: true, strictFileInteractability: false, timeouts: {implicit: 0, pageLoad: 300000, script: 30000}, unhandledPromptBehavior: dismiss and notify, webauthn:extension:credBlob: true, webauthn:extension:largeBlob: true, webauthn:extension:minPinLength: true, webauthn:extension:prf: true, webauthn:virtualAuthenticators: true}
Session ID: 9d4ba2b3d1b97c6f13b27e8ea061444d
at java.base/jdk.internal.reflect.DirectConstructorHandleAccessor.newInstance(DirectConstructorHandleAccessor.java:67)
at java.base/java.lang.reflect.Constructor.newInstanceWithCaller(Constructor.java:499)
at java.base/java.lang.reflect.Constructor.newInstance(Constructor.java:483)
at org.openqa.selenium.remote.codec.w3c.W3CHttpResponseCodec.createException(W3CHttpResponseCodec.java:200)
at org.openqa.selenium.remote.codec.w3c.W3CHttpResponseCodec.decode(W3CHttpResponseCodec.java:133)
at org.openqa.selenium.remote.codec.w3c.W3CHttpResponseCodec.decode(W3CHttpResponseCodec.java:52)
at org.openqa.selenium.remote.HttpCommandExecutor.execute(HttpCommandExecutor.java:191)
at org.openqa.selenium.remote.service.DriverCommandExecutor.invokeExecute(DriverCommandExecutor.java:196)
at org.openqa.selenium.remote.service.DriverCommandExecutor.execute(DriverCommandExecutor.java:171)
at org.openqa.selenium.remote.RemoteWebDriver.execute(RemoteWebDriver.java:602)
at org.openqa.selenium.remote.ElementLocation$ElementFinder$2.findElement(ElementLocation.java:165)
at org.openqa.selenium.remote.ElementLocation.findElement(ElementLocation.java:59)
at org.openqa.selenium.remote.RemoteWebDriver.findElement(RemoteWebDriver.java:359)
at org.openqa.selenium.remote.RemoteWebDriver.findElement(RemoteWebDriver.java:353)
at Pages.PageSearch.AddToCart(PageSearch.java:63)
at PageRunner.PageSearchRunner.AddToCart(PageSearchRunner.java:26)
at java.base/jdk.internal.reflect.DirectMethodHandleAccessor.invoke(DirectMethodHandleAccessor.java:104)
at java.base/java.lang.reflect.Method.invoke(Method.java:577)
at org.testng.internal.invokers.MethodInvocationHelper.invokeMethod(MethodInvocationHelper.java:139)
at org.testng.internal.invokers.TestInvoker.invokeMethod(TestInvoker.java:664)
at org.testng.internal.invokers.TestInvoker.invokeTestMethod(TestInvoker.java:227)
at org.testng.internal.invokers.MethodRunner.runInSequence(MethodRunner.java:50)
at org.testng.internal.invokers.TestInvoker$MethodInvocationAgent.invoke(TestInvoker.java:957)
at org.testng.internal.invokers.TestInvoker.invokeTestMethods(TestInvoker.java:200)
at org.testng.internal.invokers.TestMethodWorker.invokeTestMethods(TestMethodWorker.java:148)
at org.testng.internal.invokers.TestMethodWorker.run(TestMethodWorker.java:128)
at java.base/java.util.ArrayList.forEach(ArrayList.java:1511)
at org.testng.TestRunner.privateRun(TestRunner.java:848)
at org.testng.TestRunner.run(TestRunner.java:621)
at org.testng.SuiteRunner.runTest(SuiteRunner.java:443)
at org.testng.SuiteRunner.runSequentially(SuiteRunner.java:437)
at org.testng.SuiteRunner.privateRun(SuiteRunner.java:397)
at org.testng.SuiteRunner.run(SuiteRunner.java:336)
at org.testng.SuiteRunnerWorker.runSuite(SuiteRunnerWorker.java:52)
at org.testng.SuiteRunnerWorker.run(SuiteRunnerWorker.java:95)
at org.testng.TestNG.runSuitesSequentially(TestNG.java:1280)
at org.testng.TestNG.runSuitesLocally(TestNG.java:1200)
at org.testng.TestNG.runSuites(TestNG.java:1114)
at org.testng.TestNG.run(TestNG.java:1082)
at org.testng.remote.AbstractRemoteTestNG.run(AbstractRemoteTestNG.java:115)
at org.testng.remote.RemoteTestNG.initAndRun(RemoteTestNG.java:251)
at org.testng.remote.RemoteTestNG.main(RemoteTestNG.java:77)
]]>
            </full-stacktrace>
          </exception> <!-- org.openqa.selenium.NoSuchElementException -->
          <reporter-output>
          </reporter-output>
        </test-method> <!-- AddToCart -->
        <test-method is-config="true" signature="screenShot(org.testng.ITestResult)[pri:0, instance:PageRunner.PageSearchRunner@1cf6d1be]" started-at="2023-10-04T22:26:00 IST" name="screenShot" finished-at="2023-10-04T22:26:00 IST" duration-ms="163" status="PASS">
          <params>
            <param index="0">
              <value>
                <![CDATA[[TestResult name=AddToCart status=FAILURE method=PageSearchRunner.AddToCart()[pri:2, instance:PageRunner.PageSearchRunner@1cf6d1be] output={null}]]]>
              </value>
            </param>
          </params>
          <reporter-output>
          </reporter-output>
        </test-method> <!-- screenShot -->
      </class> <!-- PageRunner.PageSearchRunner -->
    </test> <!-- Test -->
  </suite> <!-- Suite -->
</testng-results>
